<?xml version="1.0" encoding="UTF-8"?>
<!-- Generated by org.testng.reporters.JUnitReportReporter -->
<testsuite skipped="0" hostname="Tatianas-MacBook-Air.local" name="DATA1.UsingExcel_SingleDataSet" tests="1" failures="0" timestamp="01 Aug 2017 21:55:30 GMT" time="7.144" errors="0">
  <testcase name="testPostTOExcel_Table" time="7.144" classname="DATA1.UsingExcel_SingleDataSet"/>
</testsuite> <!-- DATA1.UsingExcel_SingleDataSet -->
